<?xml version="1.0" encoding="UTF-8"?>
<!-- Generated by org.testng.reporters.JUnitReportReporter -->
<testsuite hostname="Preeti" failures="0" tests="1" name="com.automation.tests.LoginTest" time="4.083" errors="0" timestamp="2023-06-19T20:07:06 PDT" skipped="0">
  <testcase classname="com.automation.tests.LoginTest" name="forgotPassword" time="4.083"/>
  <system-out/>
</testsuite> <!-- com.automation.tests.LoginTest -->
