<?xml version="1.0" encoding="UTF-8"?>
<!-- Generated by org.testng.reporters.JUnitReportReporter -->
<testsuite hostname="Preeti" failures="0" tests="1" name="com.automation.tests.HomePageTest" time="9.927" errors="0" timestamp="2023-06-14T08:53:41 PDT" skipped="0">
  <testcase classname="com.automation.tests.HomePageTest" name="selectUserName_TC_05" time="9.927"/>
  <system-out/>
</testsuite> <!-- com.automation.tests.HomePageTest -->
