<?xml version="1.0" encoding="UTF-8"?>
<!-- Generated by org.testng.reporters.JUnitReportReporter -->
<testsuite hostname="Preeti" failures="0" tests="1" name="com.automation.tests.AccountsPageTest" time="16.384" errors="0" timestamp="2023-06-16T17:41:02 PDT" skipped="0">
  <testcase classname="com.automation.tests.AccountsPageTest" name="click_Opportunity_Pipeline" time="16.384"/>
  <system-out/>
</testsuite> <!-- com.automation.tests.AccountsPageTest -->
