<?xml version="1.0" encoding="UTF-8"?>
<!-- Generated by org.testng.reporters.JUnitReportReporter -->
<testsuite hostname="Preeti" failures="0" tests="1" name="com.automation.pages.HomePage" time="46.102" errors="0" timestamp="2023-06-18T19:54:02 PDT" skipped="0">
  <testcase classname="com.automation.pages.HomePage" name="blocking_Weekly_Recurrence_Event_Calender_TC37" time="46.102"/>
  <system-out/>
</testsuite> <!-- com.automation.pages.HomePage -->
